{"E:\\Repos\\AJP_UnityToolset\\musical-text\\src\\color-utils.ts": {"path":"E:\\Repos\\AJP_UnityToolset\\musical-text\\src\\color-utils.ts","statementMap":{"0":{"start":{"line":21,"column":1},"end":{"line":21,"column":null}},"1":{"start":{"line":24,"column":11},"end":{"line":24,"column":null}},"2":{"start":{"line":25,"column":11},"end":{"line":25,"column":null}},"3":{"start":{"line":26,"column":11},"end":{"line":26,"column":null}},"4":{"start":{"line":28,"column":13},"end":{"line":28,"column":null}},"5":{"start":{"line":29,"column":13},"end":{"line":29,"column":null}},"6":{"start":{"line":30,"column":9},"end":{"line":30,"column":null}},"7":{"start":{"line":31,"column":9},"end":{"line":31,"column":null}},"8":{"start":{"line":32,"column":7},"end":{"line":32,"column":null}},"9":{"start":{"line":34,"column":1},"end":{"line":50,"column":null}},"10":{"start":{"line":35,"column":12},"end":{"line":35,"column":null}},"11":{"start":{"line":36,"column":2},"end":{"line":36,"column":null}},"12":{"start":{"line":38,"column":2},"end":{"line":48,"column":null}},"13":{"start":{"line":40,"column":4},"end":{"line":40,"column":null}},"14":{"start":{"line":41,"column":4},"end":{"line":41,"column":null}},"15":{"start":{"line":43,"column":4},"end":{"line":43,"column":null}},"16":{"start":{"line":44,"column":4},"end":{"line":44,"column":null}},"17":{"start":{"line":46,"column":4},"end":{"line":46,"column":null}},"18":{"start":{"line":47,"column":4},"end":{"line":47,"column":null}},"19":{"start":{"line":49,"column":2},"end":{"line":49,"column":null}},"20":{"start":{"line":52,"column":1},"end":{"line":52,"column":null}},"21":{"start":{"line":63,"column":1},"end":{"line":63,"column":null}},"22":{"start":{"line":64,"column":1},"end":{"line":64,"column":null}},"23":{"start":{"line":65,"column":1},"end":{"line":65,"column":null}},"24":{"start":{"line":67,"column":7},"end":{"line":74,"column":null}},"25":{"start":{"line":68,"column":2},"end":{"line":68,"column":null}},"26":{"start":{"line":68,"column":13},"end":{"line":68,"column":null}},"27":{"start":{"line":69,"column":2},"end":{"line":69,"column":null}},"28":{"start":{"line":69,"column":13},"end":{"line":69,"column":null}},"29":{"start":{"line":70,"column":2},"end":{"line":70,"column":null}},"30":{"start":{"line":70,"column":17},"end":{"line":70,"column":null}},"31":{"start":{"line":71,"column":2},"end":{"line":71,"column":null}},"32":{"start":{"line":71,"column":17},"end":{"line":71,"column":null}},"33":{"start":{"line":72,"column":2},"end":{"line":72,"column":null}},"34":{"start":{"line":72,"column":17},"end":{"line":72,"column":null}},"35":{"start":{"line":73,"column":2},"end":{"line":73,"column":null}},"36":{"start":{"line":78,"column":1},"end":{"line":86,"column":null}},"37":{"start":{"line":79,"column":2},"end":{"line":79,"column":null}},"38":{"start":{"line":81,"column":12},"end":{"line":81,"column":null}},"39":{"start":{"line":82,"column":12},"end":{"line":82,"column":null}},"40":{"start":{"line":83,"column":2},"end":{"line":83,"column":null}},"41":{"start":{"line":84,"column":2},"end":{"line":84,"column":null}},"42":{"start":{"line":85,"column":2},"end":{"line":85,"column":null}},"43":{"start":{"line":88,"column":7},"end":{"line":91,"column":null}},"44":{"start":{"line":89,"column":14},"end":{"line":89,"column":null}},"45":{"start":{"line":90,"column":2},"end":{"line":90,"column":null}},"46":{"start":{"line":93,"column":1},"end":{"line":93,"column":null}},"47":{"start":{"line":111,"column":13},"end":{"line":111,"column":null}},"48":{"start":{"line":116,"column":1},"end":{"line":124,"column":null}},"49":{"start":{"line":119,"column":2},"end":{"line":119,"column":null}},"50":{"start":{"line":123,"column":2},"end":{"line":123,"column":null}},"51":{"start":{"line":127,"column":28},"end":{"line":127,"column":null}},"52":{"start":{"line":129,"column":1},"end":{"line":129,"column":null}}},"fnMap":{"0":{"name":"hexToHsl","decl":{"start":{"line":19,"column":16},"end":{"line":19,"column":25}},"loc":{"start":{"line":19,"column":75},"end":{"line":53,"column":null}},"line":19},"1":{"name":"hslToHex","decl":{"start":{"line":62,"column":16},"end":{"line":62,"column":25}},"loc":{"start":{"line":62,"column":66},"end":{"line":94,"column":null}},"line":62},"2":{"name":"(anonymous_2)","decl":{"start":{"line":67,"column":7},"end":{"line":67,"column":18}},"loc":{"start":{"line":67,"column":54},"end":{"line":74,"column":null}},"line":67},"3":{"name":"(anonymous_3)","decl":{"start":{"line":88,"column":7},"end":{"line":88,"column":16}},"loc":{"start":{"line":88,"column":30},"end":{"line":91,"column":null}},"line":88},"4":{"name":"getContrastingTextColor","decl":{"start":{"line":110,"column":16},"end":{"line":110,"column":40}},"loc":{"start":{"line":110,"column":73},"end":{"line":130,"column":null}},"line":110}},"branchMap":{"0":{"loc":{"start":{"line":34,"column":1},"end":{"line":50,"column":null}},"type":"if","locations":[{"start":{"line":34,"column":1},"end":{"line":50,"column":null}},{"start":{},"end":{}}],"line":34},"1":{"loc":{"start":{"line":36,"column":6},"end":{"line":36,"column":null}},"type":"cond-expr","locations":[{"start":{"line":36,"column":16},"end":{"line":36,"column":38}},{"start":{"line":36,"column":38},"end":{"line":36,"column":null}}],"line":36},"2":{"loc":{"start":{"line":38,"column":2},"end":{"line":48,"column":null}},"type":"switch","locations":[{"start":{"line":39,"column":3},"end":{"line":41,"column":null}},{"start":{"line":42,"column":3},"end":{"line":44,"column":null}},{"start":{"line":45,"column":3},"end":{"line":47,"column":null}}],"line":38},"3":{"loc":{"start":{"line":40,"column":23},"end":{"line":40,"column":null}},"type":"cond-expr","locations":[{"start":{"line":40,"column":31},"end":{"line":40,"column":35}},{"start":{"line":40,"column":35},"end":{"line":40,"column":null}}],"line":40},"4":{"loc":{"start":{"line":68,"column":2},"end":{"line":68,"column":null}},"type":"if","locations":[{"start":{"line":68,"column":2},"end":{"line":68,"column":null}},{"start":{},"end":{}}],"line":68},"5":{"loc":{"start":{"line":69,"column":2},"end":{"line":69,"column":null}},"type":"if","locations":[{"start":{"line":69,"column":2},"end":{"line":69,"column":null}},{"start":{},"end":{}}],"line":69},"6":{"loc":{"start":{"line":70,"column":2},"end":{"line":70,"column":null}},"type":"if","locations":[{"start":{"line":70,"column":2},"end":{"line":70,"column":null}},{"start":{},"end":{}}],"line":70},"7":{"loc":{"start":{"line":71,"column":2},"end":{"line":71,"column":null}},"type":"if","locations":[{"start":{"line":71,"column":2},"end":{"line":71,"column":null}},{"start":{},"end":{}}],"line":71},"8":{"loc":{"start":{"line":72,"column":2},"end":{"line":72,"column":null}},"type":"if","locations":[{"start":{"line":72,"column":2},"end":{"line":72,"column":null}},{"start":{},"end":{}}],"line":72},"9":{"loc":{"start":{"line":78,"column":1},"end":{"line":86,"column":null}},"type":"if","locations":[{"start":{"line":78,"column":1},"end":{"line":86,"column":null}},{"start":{"line":80,"column":8},"end":{"line":86,"column":null}}],"line":78},"10":{"loc":{"start":{"line":81,"column":12},"end":{"line":81,"column":null}},"type":"cond-expr","locations":[{"start":{"line":81,"column":22},"end":{"line":81,"column":36}},{"start":{"line":81,"column":36},"end":{"line":81,"column":null}}],"line":81},"11":{"loc":{"start":{"line":90,"column":9},"end":{"line":90,"column":null}},"type":"cond-expr","locations":[{"start":{"line":90,"column":28},"end":{"line":90,"column":40}},{"start":{"line":90,"column":40},"end":{"line":90,"column":null}}],"line":90},"12":{"loc":{"start":{"line":116,"column":1},"end":{"line":124,"column":null}},"type":"if","locations":[{"start":{"line":116,"column":1},"end":{"line":124,"column":null}},{"start":{"line":120,"column":8},"end":{"line":124,"column":null}}],"line":116}},"s":{"0":13,"1":13,"2":13,"3":13,"4":13,"5":13,"6":13,"7":13,"8":13,"9":13,"10":8,"11":8,"12":8,"13":3,"14":3,"15":2,"16":2,"17":3,"18":3,"19":8,"20":13,"21":8,"22":8,"23":8,"24":8,"25":15,"26":1,"27":15,"28":2,"29":15,"30":0,"31":15,"32":5,"33":10,"34":10,"35":6,"36":8,"37":3,"38":5,"39":5,"40":5,"41":5,"42":5,"43":8,"44":24,"45":24,"46":8,"47":4,"48":4,"49":2,"50":2,"51":4,"52":4},"f":{"0":13,"1":8,"2":15,"3":24,"4":4},"b":{"0":[8,5],"1":[2,6],"2":[3,2,3],"3":[2,1],"4":[1,14],"5":[2,13],"6":[0,15],"7":[5,10],"8":[4,6],"9":[3,5],"10":[1,4],"11":[4,20],"12":[2,2]},"meta":{"lastBranch":13,"lastFunction":5,"lastStatement":53,"seen":{"f:19:16:19:25":0,"s:21:1:21:Infinity":0,"s:24:11:24:Infinity":1,"s:25:11:25:Infinity":2,"s:26:11:26:Infinity":3,"s:28:13:28:Infinity":4,"s:29:13:29:Infinity":5,"s:30:9:30:Infinity":6,"s:31:9:31:Infinity":7,"s:32:7:32:Infinity":8,"b:34:1:50:Infinity:undefined:undefined:undefined:undefined":0,"s:34:1:50:Infinity":9,"s:35:12:35:Infinity":10,"s:36:2:36:Infinity":11,"b:36:16:36:38:36:38:36:Infinity":1,"b:39:3:41:Infinity:42:3:44:Infinity:45:3:47:Infinity":2,"s:38:2:48:Infinity":12,"s:40:4:40:Infinity":13,"b:40:31:40:35:40:35:40:Infinity":3,"s:41:4:41:Infinity":14,"s:43:4:43:Infinity":15,"s:44:4:44:Infinity":16,"s:46:4:46:Infinity":17,"s:47:4:47:Infinity":18,"s:49:2:49:Infinity":19,"s:52:1:52:Infinity":20,"f:62:16:62:25":1,"s:63:1:63:Infinity":21,"s:64:1:64:Infinity":22,"s:65:1:65:Infinity":23,"s:67:7:74:Infinity":24,"f:67:7:67:18":2,"b:68:2:68:Infinity:undefined:undefined:undefined:undefined":4,"s:68:2:68:Infinity":25,"s:68:13:68:Infinity":26,"b:69:2:69:Infinity:undefined:undefined:undefined:undefined":5,"s:69:2:69:Infinity":27,"s:69:13:69:Infinity":28,"b:70:2:70:Infinity:undefined:undefined:undefined:undefined":6,"s:70:2:70:Infinity":29,"s:70:17:70:Infinity":30,"b:71:2:71:Infinity:undefined:undefined:undefined:undefined":7,"s:71:2:71:Infinity":31,"s:71:17:71:Infinity":32,"b:72:2:72:Infinity:undefined:undefined:undefined:undefined":8,"s:72:2:72:Infinity":33,"s:72:17:72:Infinity":34,"s:73:2:73:Infinity":35,"b:78:1:86:Infinity:80:8:86:Infinity":9,"s:78:1:86:Infinity":36,"s:79:2:79:Infinity":37,"s:81:12:81:Infinity":38,"b:81:22:81:36:81:36:81:Infinity":10,"s:82:12:82:Infinity":39,"s:83:2:83:Infinity":40,"s:84:2:84:Infinity":41,"s:85:2:85:Infinity":42,"s:88:7:91:Infinity":43,"f:88:7:88:16":3,"s:89:14:89:Infinity":44,"s:90:2:90:Infinity":45,"b:90:28:90:40:90:40:90:Infinity":11,"s:93:1:93:Infinity":46,"f:110:16:110:40":4,"s:111:13:111:Infinity":47,"b:116:1:124:Infinity:120:8:124:Infinity":12,"s:116:1:124:Infinity":48,"s:119:2:119:Infinity":49,"s:123:2:123:Infinity":50,"s:127:28:127:Infinity":51,"s:129:1:129:Infinity":52}}}
,"E:\\Repos\\AJP_UnityToolset\\musical-text\\src\\sentence-detection.ts": {"path":"E:\\Repos\\AJP_UnityToolset\\musical-text\\src\\sentence-detection.ts","statementMap":{"0":{"start":{"line":18,"column":17},"end":{"line":18,"column":null}},"1":{"start":{"line":20,"column":15},"end":{"line":20,"column":null}},"2":{"start":{"line":21,"column":21},"end":{"line":21,"column":null}},"3":{"start":{"line":23,"column":1},"end":{"line":65,"column":null}},"4":{"start":{"line":24,"column":2},"end":{"line":27,"column":null}},"5":{"start":{"line":25,"column":3},"end":{"line":25,"column":null}},"6":{"start":{"line":26,"column":3},"end":{"line":26,"column":null}},"7":{"start":{"line":29,"column":22},"end":{"line":29,"column":null}},"8":{"start":{"line":30,"column":28},"end":{"line":30,"column":null}},"9":{"start":{"line":32,"column":26},"end":{"line":32,"column":null}},"10":{"start":{"line":33,"column":2},"end":{"line":36,"column":null}},"11":{"start":{"line":34,"column":3},"end":{"line":34,"column":null}},"12":{"start":{"line":35,"column":3},"end":{"line":35,"column":null}},"13":{"start":{"line":38,"column":2},"end":{"line":38,"column":null}},"14":{"start":{"line":38,"column":34},"end":{"line":38,"column":null}},"15":{"start":{"line":40,"column":24},"end":{"line":40,"column":null}},"16":{"start":{"line":43,"column":2},"end":{"line":62,"column":null}},"17":{"start":{"line":44,"column":20},"end":{"line":44,"column":null}},"18":{"start":{"line":45,"column":27},"end":{"line":45,"column":null}},"19":{"start":{"line":47,"column":3},"end":{"line":47,"column":null}},"20":{"start":{"line":47,"column":37},"end":{"line":47,"column":null}},"21":{"start":{"line":49,"column":21},"end":{"line":49,"column":null}},"22":{"start":{"line":50,"column":21},"end":{"line":50,"column":null}},"23":{"start":{"line":52,"column":3},"end":{"line":52,"column":null}},"24":{"start":{"line":52,"column":24},"end":{"line":52,"column":null}},"25":{"start":{"line":54,"column":25},"end":{"line":54,"column":null}},"26":{"start":{"line":55,"column":29},"end":{"line":55,"column":null}},"27":{"start":{"line":56,"column":24},"end":{"line":56,"column":null}},"28":{"start":{"line":57,"column":22},"end":{"line":57,"column":null}},"29":{"start":{"line":59,"column":3},"end":{"line":61,"column":null}},"30":{"start":{"line":60,"column":4},"end":{"line":60,"column":null}},"31":{"start":{"line":64,"column":2},"end":{"line":64,"column":null}},"32":{"start":{"line":67,"column":1},"end":{"line":67,"column":null}},"33":{"start":{"line":73,"column":23},"end":{"line":73,"column":null}},"34":{"start":{"line":74,"column":1},"end":{"line":79,"column":null}},"35":{"start":{"line":75,"column":2},"end":{"line":78,"column":null}},"36":{"start":{"line":82,"column":22},"end":{"line":82,"column":null}},"37":{"start":{"line":83,"column":1},"end":{"line":90,"column":null}},"38":{"start":{"line":84,"column":23},"end":{"line":85,"column":null}},"39":{"start":{"line":86,"column":2},"end":{"line":89,"column":null}},"40":{"start":{"line":93,"column":24},"end":{"line":93,"column":null}},"41":{"start":{"line":94,"column":1},"end":{"line":99,"column":null}},"42":{"start":{"line":95,"column":2},"end":{"line":98,"column":null}},"43":{"start":{"line":101,"column":1},"end":{"line":101,"column":null}},"44":{"start":{"line":106,"column":1},"end":{"line":106,"column":null}},"45":{"start":{"line":114,"column":1},"end":{"line":122,"column":null}},"46":{"start":{"line":115,"column":2},"end":{"line":115,"column":null}},"47":{"start":{"line":116,"column":8},"end":{"line":122,"column":null}},"48":{"start":{"line":117,"column":2},"end":{"line":117,"column":null}},"49":{"start":{"line":118,"column":8},"end":{"line":122,"column":null}},"50":{"start":{"line":119,"column":2},"end":{"line":119,"column":null}},"51":{"start":{"line":121,"column":2},"end":{"line":121,"column":null}}},"fnMap":{"0":{"name":"computeDecorations","decl":{"start":{"line":13,"column":16},"end":{"line":13,"column":null}},"loc":{"start":{"line":17,"column":24},"end":{"line":68,"column":null}},"line":17},"1":{"name":"detectMarkdownListMarker","decl":{"start":{"line":71,"column":16},"end":{"line":71,"column":41}},"loc":{"start":{"line":71,"column":88},"end":{"line":102,"column":null}},"line":71},"2":{"name":"countWords","decl":{"start":{"line":105,"column":16},"end":{"line":105,"column":27}},"loc":{"start":{"line":105,"column":53},"end":{"line":107,"column":null}},"line":105},"3":{"name":"getClassForSentence","decl":{"start":{"line":110,"column":16},"end":{"line":110,"column":null}},"loc":{"start":{"line":113,"column":10},"end":{"line":123,"column":null}},"line":113}},"branchMap":{"0":{"loc":{"start":{"line":16,"column":1},"end":{"line":16,"column":null}},"type":"default-arg","locations":[{"start":{"line":16,"column":10},"end":{"line":16,"column":null}}],"line":16},"1":{"loc":{"start":{"line":24,"column":2},"end":{"line":27,"column":null}},"type":"if","locations":[{"start":{"line":24,"column":2},"end":{"line":27,"column":null}},{"start":{},"end":{}}],"line":24},"2":{"loc":{"start":{"line":33,"column":2},"end":{"line":36,"column":null}},"type":"if","locations":[{"start":{"line":33,"column":2},"end":{"line":36,"column":null}},{"start":{},"end":{}}],"line":33},"3":{"loc":{"start":{"line":38,"column":2},"end":{"line":38,"column":null}},"type":"if","locations":[{"start":{"line":38,"column":2},"end":{"line":38,"column":null}},{"start":{},"end":{}}],"line":38},"4":{"loc":{"start":{"line":47,"column":3},"end":{"line":47,"column":null}},"type":"if","locations":[{"start":{"line":47,"column":3},"end":{"line":47,"column":null}},{"start":{},"end":{}}],"line":47},"5":{"loc":{"start":{"line":52,"column":3},"end":{"line":52,"column":null}},"type":"if","locations":[{"start":{"line":52,"column":3},"end":{"line":52,"column":null}},{"start":{},"end":{}}],"line":52},"6":{"loc":{"start":{"line":59,"column":3},"end":{"line":61,"column":null}},"type":"if","locations":[{"start":{"line":59,"column":3},"end":{"line":61,"column":null}},{"start":{},"end":{}}],"line":59},"7":{"loc":{"start":{"line":74,"column":1},"end":{"line":79,"column":null}},"type":"if","locations":[{"start":{"line":74,"column":1},"end":{"line":79,"column":null}},{"start":{},"end":{}}],"line":74},"8":{"loc":{"start":{"line":83,"column":1},"end":{"line":90,"column":null}},"type":"if","locations":[{"start":{"line":83,"column":1},"end":{"line":90,"column":null}},{"start":{},"end":{}}],"line":83},"9":{"loc":{"start":{"line":94,"column":1},"end":{"line":99,"column":null}},"type":"if","locations":[{"start":{"line":94,"column":1},"end":{"line":99,"column":null}},{"start":{},"end":{}}],"line":94},"10":{"loc":{"start":{"line":106,"column":9},"end":{"line":106,"column":63}},"type":"binary-expr","locations":[{"start":{"line":106,"column":9},"end":{"line":106,"column":59}},{"start":{"line":106,"column":59},"end":{"line":106,"column":63}}],"line":106},"11":{"loc":{"start":{"line":114,"column":1},"end":{"line":122,"column":null}},"type":"if","locations":[{"start":{"line":114,"column":1},"end":{"line":122,"column":null}},{"start":{"line":116,"column":8},"end":{"line":122,"column":null}}],"line":114},"12":{"loc":{"start":{"line":116,"column":8},"end":{"line":122,"column":null}},"type":"if","locations":[{"start":{"line":116,"column":8},"end":{"line":122,"column":null}},{"start":{"line":118,"column":8},"end":{"line":122,"column":null}}],"line":116},"13":{"loc":{"start":{"line":118,"column":8},"end":{"line":122,"column":null}},"type":"if","locations":[{"start":{"line":118,"column":8},"end":{"line":122,"column":null}},{"start":{"line":120,"column":8},"end":{"line":122,"column":null}}],"line":118}},"s":{"0":6,"1":6,"2":6,"3":6,"4":22,"5":14,"6":14,"7":8,"8":8,"9":8,"10":8,"11":3,"12":3,"13":8,"14":2,"15":6,"16":6,"17":8,"18":8,"19":8,"20":0,"21":8,"22":8,"23":8,"24":4,"25":4,"26":4,"27":4,"28":4,"29":4,"30":4,"31":6,"32":6,"33":16,"34":16,"35":5,"36":11,"37":11,"38":0,"39":0,"40":11,"41":11,"42":4,"43":7,"44":13,"45":14,"46":8,"47":6,"48":4,"49":2,"50":1,"51":1},"f":{"0":6,"1":16,"2":13,"3":14},"b":{"0":[6],"1":[14,8],"2":[3,5],"3":[2,6],"4":[0,8],"5":[4,4],"6":[4,0],"7":[5,11],"8":[0,11],"9":[4,7],"10":[13,5],"11":[8,6],"12":[4,2],"13":[1,1]},"meta":{"lastBranch":14,"lastFunction":4,"lastStatement":52,"seen":{"f:13:16:13:Infinity":0,"b:16:10:16:Infinity":0,"s:18:17:18:Infinity":0,"s:20:15:20:Infinity":1,"s:21:21:21:Infinity":2,"s:23:1:65:Infinity":3,"b:24:2:27:Infinity:undefined:undefined:undefined:undefined":1,"s:24:2:27:Infinity":4,"s:25:3:25:Infinity":5,"s:26:3:26:Infinity":6,"s:29:22:29:Infinity":7,"s:30:28:30:Infinity":8,"s:32:26:32:Infinity":9,"b:33:2:36:Infinity:undefined:undefined:undefined:undefined":2,"s:33:2:36:Infinity":10,"s:34:3:34:Infinity":11,"s:35:3:35:Infinity":12,"b:38:2:38:Infinity:undefined:undefined:undefined:undefined":3,"s:38:2:38:Infinity":13,"s:38:34:38:Infinity":14,"s:40:24:40:Infinity":15,"s:43:2:62:Infinity":16,"s:44:20:44:Infinity":17,"s:45:27:45:Infinity":18,"b:47:3:47:Infinity:undefined:undefined:undefined:undefined":4,"s:47:3:47:Infinity":19,"s:47:37:47:Infinity":20,"s:49:21:49:Infinity":21,"s:50:21:50:Infinity":22,"b:52:3:52:Infinity:undefined:undefined:undefined:undefined":5,"s:52:3:52:Infinity":23,"s:52:24:52:Infinity":24,"s:54:25:54:Infinity":25,"s:55:29:55:Infinity":26,"s:56:24:56:Infinity":27,"s:57:22:57:Infinity":28,"b:59:3:61:Infinity:undefined:undefined:undefined:undefined":6,"s:59:3:61:Infinity":29,"s:60:4:60:Infinity":30,"s:64:2:64:Infinity":31,"s:67:1:67:Infinity":32,"f:71:16:71:41":1,"s:73:23:73:Infinity":33,"b:74:1:79:Infinity:undefined:undefined:undefined:undefined":7,"s:74:1:79:Infinity":34,"s:75:2:78:Infinity":35,"s:82:22:82:Infinity":36,"b:83:1:90:Infinity:undefined:undefined:undefined:undefined":8,"s:83:1:90:Infinity":37,"s:84:23:85:Infinity":38,"s:86:2:89:Infinity":39,"s:93:24:93:Infinity":40,"b:94:1:99:Infinity:undefined:undefined:undefined:undefined":9,"s:94:1:99:Infinity":41,"s:95:2:98:Infinity":42,"s:101:1:101:Infinity":43,"f:105:16:105:27":2,"s:106:1:106:Infinity":44,"b:106:9:106:59:106:59:106:63":10,"f:110:16:110:Infinity":3,"b:114:1:122:Infinity:116:8:122:Infinity":11,"s:114:1:122:Infinity":45,"s:115:2:115:Infinity":46,"b:116:8:122:Infinity:118:8:122:Infinity":12,"s:116:8:122:Infinity":47,"s:117:2:117:Infinity":48,"b:118:8:122:Infinity:120:8:122:Infinity":13,"s:118:8:122:Infinity":49,"s:119:2:119:Infinity":50,"s:121:2:121:Infinity":51}}}
,"E:\\Repos\\AJP_UnityToolset\\musical-text\\src\\settings.ts": {"path":"E:\\Repos\\AJP_UnityToolset\\musical-text\\src\\settings.ts","statementMap":{"0":{"start":{"line":14,"column":60},"end":{"line":120,"column":null}},"1":{"start":{"line":126,"column":53},"end":{"line":137,"column":null}},"2":{"start":{"line":144,"column":2},"end":{"line":144,"column":null}},"3":{"start":{"line":145,"column":2},"end":{"line":145,"column":null}},"4":{"start":{"line":149,"column":26},"end":{"line":149,"column":null}},"5":{"start":{"line":150,"column":2},"end":{"line":150,"column":null}},"6":{"start":{"line":152,"column":2},"end":{"line":152,"column":null}},"7":{"start":{"line":154,"column":2},"end":{"line":177,"column":null}},"8":{"start":{"line":158,"column":4},"end":{"line":161,"column":null}},"9":{"start":{"line":162,"column":4},"end":{"line":165,"column":null}},"10":{"start":{"line":166,"column":4},"end":{"line":169,"column":null}},"11":{"start":{"line":170,"column":4},"end":{"line":176,"column":null}},"12":{"start":{"line":173,"column":6},"end":{"line":174,"column":null}},"13":{"start":{"line":175,"column":6},"end":{"line":175,"column":null}},"14":{"start":{"line":178,"column":2},"end":{"line":190,"column":null}},"15":{"start":{"line":182,"column":4},"end":{"line":189,"column":null}},"16":{"start":{"line":185,"column":6},"end":{"line":185,"column":null}},"17":{"start":{"line":186,"column":6},"end":{"line":186,"column":null}},"18":{"start":{"line":187,"column":6},"end":{"line":187,"column":null}},"19":{"start":{"line":188,"column":6},"end":{"line":188,"column":null}},"20":{"start":{"line":191,"column":2},"end":{"line":203,"column":null}},"21":{"start":{"line":195,"column":4},"end":{"line":202,"column":null}},"22":{"start":{"line":198,"column":6},"end":{"line":198,"column":null}},"23":{"start":{"line":199,"column":6},"end":{"line":199,"column":null}},"24":{"start":{"line":200,"column":6},"end":{"line":200,"column":null}},"25":{"start":{"line":201,"column":6},"end":{"line":201,"column":null}},"26":{"start":{"line":204,"column":2},"end":{"line":204,"column":null}},"27":{"start":{"line":205,"column":2},"end":{"line":223,"column":null}},"28":{"start":{"line":209,"column":4},"end":{"line":214,"column":null}},"29":{"start":{"line":210,"column":5},"end":{"line":213,"column":null}},"30":{"start":{"line":215,"column":4},"end":{"line":222,"column":null}},"31":{"start":{"line":218,"column":6},"end":{"line":218,"column":null}},"32":{"start":{"line":219,"column":6},"end":{"line":219,"column":null}},"33":{"start":{"line":220,"column":6},"end":{"line":220,"column":null}},"34":{"start":{"line":221,"column":6},"end":{"line":221,"column":null}},"35":{"start":{"line":224,"column":2},"end":{"line":240,"column":null}},"36":{"start":{"line":228,"column":4},"end":{"line":231,"column":null}},"37":{"start":{"line":234,"column":4},"end":{"line":239,"column":null}},"38":{"start":{"line":237,"column":6},"end":{"line":237,"column":null}},"39":{"start":{"line":238,"column":6},"end":{"line":238,"column":null}},"40":{"start":{"line":241,"column":2},"end":{"line":259,"column":null}},"41":{"start":{"line":245,"column":4},"end":{"line":250,"column":null}},"42":{"start":{"line":253,"column":4},"end":{"line":258,"column":null}},"43":{"start":{"line":256,"column":6},"end":{"line":256,"column":null}},"44":{"start":{"line":257,"column":6},"end":{"line":257,"column":null}},"45":{"start":{"line":260,"column":2},"end":{"line":278,"column":null}},"46":{"start":{"line":264,"column":4},"end":{"line":269,"column":null}},"47":{"start":{"line":272,"column":4},"end":{"line":277,"column":null}},"48":{"start":{"line":275,"column":6},"end":{"line":275,"column":null}},"49":{"start":{"line":276,"column":6},"end":{"line":276,"column":null}},"50":{"start":{"line":279,"column":2},"end":{"line":295,"column":null}},"51":{"start":{"line":283,"column":4},"end":{"line":286,"column":null}},"52":{"start":{"line":289,"column":4},"end":{"line":294,"column":null}},"53":{"start":{"line":292,"column":6},"end":{"line":292,"column":null}},"54":{"start":{"line":293,"column":6},"end":{"line":293,"column":null}},"55":{"start":{"line":296,"column":2},"end":{"line":298,"column":null}},"56":{"start":{"line":299,"column":2},"end":{"line":330,"column":null}},"57":{"start":{"line":305,"column":4},"end":{"line":313,"column":null}},"58":{"start":{"line":309,"column":6},"end":{"line":310,"column":null}},"59":{"start":{"line":311,"column":6},"end":{"line":311,"column":null}},"60":{"start":{"line":312,"column":6},"end":{"line":312,"column":null}},"61":{"start":{"line":316,"column":4},"end":{"line":329,"column":null}},"62":{"start":{"line":324,"column":6},"end":{"line":324,"column":null}},"63":{"start":{"line":325,"column":6},"end":{"line":325,"column":null}},"64":{"start":{"line":326,"column":6},"end":{"line":326,"column":null}},"65":{"start":{"line":327,"column":6},"end":{"line":327,"column":null}},"66":{"start":{"line":331,"column":2},"end":{"line":365,"column":null}},"67":{"start":{"line":337,"column":4},"end":{"line":345,"column":null}},"68":{"start":{"line":341,"column":6},"end":{"line":342,"column":null}},"69":{"start":{"line":343,"column":6},"end":{"line":343,"column":null}},"70":{"start":{"line":344,"column":6},"end":{"line":344,"column":null}},"71":{"start":{"line":348,"column":4},"end":{"line":364,"column":null}},"72":{"start":{"line":359,"column":6},"end":{"line":359,"column":null}},"73":{"start":{"line":360,"column":6},"end":{"line":360,"column":null}},"74":{"start":{"line":361,"column":6},"end":{"line":361,"column":null}},"75":{"start":{"line":362,"column":6},"end":{"line":362,"column":null}},"76":{"start":{"line":366,"column":2},"end":{"line":416,"column":null}},"77":{"start":{"line":370,"column":4},"end":{"line":378,"column":null}},"78":{"start":{"line":374,"column":6},"end":{"line":375,"column":null}},"79":{"start":{"line":376,"column":6},"end":{"line":376,"column":null}},"80":{"start":{"line":377,"column":6},"end":{"line":377,"column":null}},"81":{"start":{"line":381,"column":26},"end":{"line":383,"column":null}},"82":{"start":{"line":385,"column":28},"end":{"line":408,"column":null}},"83":{"start":{"line":386,"column":19},"end":{"line":386,"column":null}},"84":{"start":{"line":387,"column":5},"end":{"line":393,"column":null}},"85":{"start":{"line":388,"column":6},"end":{"line":389,"column":null}},"86":{"start":{"line":390,"column":6},"end":{"line":390,"column":null}},"87":{"start":{"line":391,"column":6},"end":{"line":391,"column":null}},"88":{"start":{"line":392,"column":6},"end":{"line":392,"column":null}},"89":{"start":{"line":394,"column":22},"end":{"line":394,"column":null}},"90":{"start":{"line":395,"column":5},"end":{"line":404,"column":null}},"91":{"start":{"line":399,"column":6},"end":{"line":401,"column":null}},"92":{"start":{"line":402,"column":6},"end":{"line":402,"column":null}},"93":{"start":{"line":403,"column":6},"end":{"line":403,"column":null}},"94":{"start":{"line":405,"column":5},"end":{"line":405,"column":null}},"95":{"start":{"line":406,"column":5},"end":{"line":406,"column":null}},"96":{"start":{"line":407,"column":5},"end":{"line":407,"column":null}},"97":{"start":{"line":410,"column":4},"end":{"line":410,"column":null}},"98":{"start":{"line":411,"column":4},"end":{"line":413,"column":null}},"99":{"start":{"line":412,"column":5},"end":{"line":412,"column":null}},"100":{"start":{"line":412,"column":28},"end":{"line":412,"column":null}},"101":{"start":{"line":415,"column":4},"end":{"line":415,"column":null}},"102":{"start":{"line":420,"column":23},"end":{"line":420,"column":null}},"103":{"start":{"line":422,"column":2},"end":{"line":424,"column":null}},"104":{"start":{"line":423,"column":3},"end":{"line":423,"column":null}},"105":{"start":{"line":426,"column":2},"end":{"line":428,"column":null}},"106":{"start":{"line":427,"column":3},"end":{"line":427,"column":null}},"107":{"start":{"line":430,"column":2},"end":{"line":432,"column":null}},"108":{"start":{"line":431,"column":3},"end":{"line":431,"column":null}},"109":{"start":{"line":437,"column":3},"end":{"line":437,"column":null}},"110":{"start":{"line":438,"column":2},"end":{"line":445,"column":null}},"111":{"start":{"line":439,"column":3},"end":{"line":439,"column":null}},"112":{"start":{"line":440,"column":3},"end":{"line":441,"column":null}},"113":{"start":{"line":442,"column":3},"end":{"line":443,"column":null}},"114":{"start":{"line":444,"column":3},"end":{"line":444,"column":null}},"115":{"start":{"line":457,"column":2},"end":{"line":468,"column":null}},"116":{"start":{"line":459,"column":4},"end":{"line":461,"column":null}},"117":{"start":{"line":463,"column":3},"end":{"line":467,"column":null}},"118":{"start":{"line":464,"column":4},"end":{"line":464,"column":null}},"119":{"start":{"line":465,"column":4},"end":{"line":465,"column":null}},"120":{"start":{"line":466,"column":4},"end":{"line":466,"column":null}}},"fnMap":{"0":{"name":"constructor","decl":{"start":{"line":143,"column":1},"end":{"line":143,"column":13}},"loc":{"start":{"line":143,"column":50},"end":{"line":146,"column":null}},"line":143},"1":{"name":"display","decl":{"start":{"line":148,"column":1},"end":{"line":148,"column":17}},"loc":{"start":{"line":148,"column":17},"end":{"line":417,"column":null}},"line":148},"2":{"name":"(anonymous_2)","decl":{"start":{"line":157,"column":4},"end":{"line":157,"column":17}},"loc":{"start":{"line":157,"column":30},"end":{"line":177,"column":4}},"line":157},"3":{"name":"(anonymous_3)","decl":{"start":{"line":172,"column":15},"end":{"line":172,"column":22}},"loc":{"start":{"line":172,"column":32},"end":{"line":176,"column":6}},"line":172},"4":{"name":"(anonymous_4)","decl":{"start":{"line":181,"column":4},"end":{"line":181,"column":15}},"loc":{"start":{"line":182,"column":4},"end":{"line":189,"column":null}},"line":182},"5":{"name":"(anonymous_5)","decl":{"start":{"line":184,"column":15},"end":{"line":184,"column":22}},"loc":{"start":{"line":184,"column":32},"end":{"line":189,"column":6}},"line":184},"6":{"name":"(anonymous_6)","decl":{"start":{"line":194,"column":4},"end":{"line":194,"column":15}},"loc":{"start":{"line":195,"column":4},"end":{"line":202,"column":null}},"line":195},"7":{"name":"(anonymous_7)","decl":{"start":{"line":197,"column":15},"end":{"line":197,"column":22}},"loc":{"start":{"line":197,"column":32},"end":{"line":202,"column":6}},"line":197},"8":{"name":"(anonymous_8)","decl":{"start":{"line":208,"column":4},"end":{"line":208,"column":17}},"loc":{"start":{"line":208,"column":30},"end":{"line":223,"column":4}},"line":208},"9":{"name":"(anonymous_9)","decl":{"start":{"line":209,"column":32},"end":{"line":209,"column":41}},"loc":{"start":{"line":209,"column":49},"end":{"line":214,"column":5}},"line":209},"10":{"name":"(anonymous_10)","decl":{"start":{"line":217,"column":15},"end":{"line":217,"column":22}},"loc":{"start":{"line":217,"column":32},"end":{"line":222,"column":6}},"line":217},"11":{"name":"(anonymous_11)","decl":{"start":{"line":227,"column":4},"end":{"line":227,"column":20}},"loc":{"start":{"line":228,"column":4},"end":{"line":231,"column":null}},"line":228},"12":{"name":"(anonymous_12)","decl":{"start":{"line":233,"column":4},"end":{"line":233,"column":20}},"loc":{"start":{"line":234,"column":4},"end":{"line":239,"column":null}},"line":234},"13":{"name":"(anonymous_13)","decl":{"start":{"line":236,"column":15},"end":{"line":236,"column":22}},"loc":{"start":{"line":236,"column":32},"end":{"line":239,"column":6}},"line":236},"14":{"name":"(anonymous_14)","decl":{"start":{"line":244,"column":4},"end":{"line":244,"column":20}},"loc":{"start":{"line":245,"column":4},"end":{"line":250,"column":null}},"line":245},"15":{"name":"(anonymous_15)","decl":{"start":{"line":252,"column":4},"end":{"line":252,"column":20}},"loc":{"start":{"line":253,"column":4},"end":{"line":258,"column":null}},"line":253},"16":{"name":"(anonymous_16)","decl":{"start":{"line":255,"column":15},"end":{"line":255,"column":22}},"loc":{"start":{"line":255,"column":32},"end":{"line":258,"column":6}},"line":255},"17":{"name":"(anonymous_17)","decl":{"start":{"line":263,"column":4},"end":{"line":263,"column":20}},"loc":{"start":{"line":264,"column":4},"end":{"line":269,"column":null}},"line":264},"18":{"name":"(anonymous_18)","decl":{"start":{"line":271,"column":4},"end":{"line":271,"column":20}},"loc":{"start":{"line":272,"column":4},"end":{"line":277,"column":null}},"line":272},"19":{"name":"(anonymous_19)","decl":{"start":{"line":274,"column":15},"end":{"line":274,"column":22}},"loc":{"start":{"line":274,"column":32},"end":{"line":277,"column":6}},"line":274},"20":{"name":"(anonymous_20)","decl":{"start":{"line":282,"column":4},"end":{"line":282,"column":20}},"loc":{"start":{"line":283,"column":4},"end":{"line":286,"column":null}},"line":283},"21":{"name":"(anonymous_21)","decl":{"start":{"line":288,"column":4},"end":{"line":288,"column":20}},"loc":{"start":{"line":289,"column":4},"end":{"line":294,"column":null}},"line":289},"22":{"name":"(anonymous_22)","decl":{"start":{"line":291,"column":15},"end":{"line":291,"column":22}},"loc":{"start":{"line":291,"column":32},"end":{"line":294,"column":6}},"line":291},"23":{"name":"(anonymous_23)","decl":{"start":{"line":304,"column":4},"end":{"line":304,"column":20}},"loc":{"start":{"line":305,"column":4},"end":{"line":313,"column":null}},"line":305},"24":{"name":"(anonymous_24)","decl":{"start":{"line":308,"column":14},"end":{"line":308,"column":26}},"loc":{"start":{"line":308,"column":26},"end":{"line":313,"column":6}},"line":308},"25":{"name":"(anonymous_25)","decl":{"start":{"line":315,"column":4},"end":{"line":315,"column":15}},"loc":{"start":{"line":316,"column":4},"end":{"line":329,"column":null}},"line":316},"26":{"name":"(anonymous_26)","decl":{"start":{"line":323,"column":15},"end":{"line":323,"column":22}},"loc":{"start":{"line":323,"column":32},"end":{"line":328,"column":6}},"line":323},"27":{"name":"(anonymous_27)","decl":{"start":{"line":336,"column":4},"end":{"line":336,"column":20}},"loc":{"start":{"line":337,"column":4},"end":{"line":345,"column":null}},"line":337},"28":{"name":"(anonymous_28)","decl":{"start":{"line":340,"column":14},"end":{"line":340,"column":26}},"loc":{"start":{"line":340,"column":26},"end":{"line":345,"column":6}},"line":340},"29":{"name":"(anonymous_29)","decl":{"start":{"line":347,"column":4},"end":{"line":347,"column":15}},"loc":{"start":{"line":348,"column":4},"end":{"line":364,"column":null}},"line":348},"30":{"name":"(anonymous_30)","decl":{"start":{"line":358,"column":15},"end":{"line":358,"column":22}},"loc":{"start":{"line":358,"column":32},"end":{"line":363,"column":6}},"line":358},"31":{"name":"(anonymous_31)","decl":{"start":{"line":369,"column":4},"end":{"line":369,"column":20}},"loc":{"start":{"line":370,"column":4},"end":{"line":378,"column":null}},"line":370},"32":{"name":"(anonymous_32)","decl":{"start":{"line":373,"column":14},"end":{"line":373,"column":26}},"loc":{"start":{"line":373,"column":26},"end":{"line":378,"column":6}},"line":373},"33":{"name":"(anonymous_33)","decl":{"start":{"line":380,"column":4},"end":{"line":380,"column":13}},"loc":{"start":{"line":380,"column":22},"end":{"line":416,"column":4}},"line":380},"34":{"name":"(anonymous_34)","decl":{"start":{"line":385,"column":28},"end":{"line":385,"column":40}},"loc":{"start":{"line":385,"column":40},"end":{"line":408,"column":null}},"line":385},"35":{"name":"(anonymous_35)","decl":{"start":{"line":411,"column":43},"end":{"line":411,"column":55}},"loc":{"start":{"line":411,"column":61},"end":{"line":413,"column":5}},"line":411},"36":{"name":"validateThresholds","decl":{"start":{"line":419,"column":1},"end":{"line":419,"column":9}},"loc":{"start":{"line":419,"column":36},"end":{"line":433,"column":null}},"line":419},"37":{"name":"applyPalette","decl":{"start":{"line":435,"column":1},"end":{"line":435,"column":9}},"loc":{"start":{"line":435,"column":42},"end":{"line":446,"column":null}},"line":435},"38":{"name":"createColorResetHandler","decl":{"start":{"line":448,"column":1},"end":{"line":448,"column":9}},"loc":{"start":{"line":456,"column":3},"end":{"line":469,"column":null}},"line":456},"39":{"name":"(anonymous_39)","decl":{"start":{"line":457,"column":9},"end":{"line":457,"column":21}},"loc":{"start":{"line":457,"column":21},"end":{"line":468,"column":null}},"line":457}},"branchMap":{"0":{"loc":{"start":{"line":183,"column":15},"end":{"line":183,"column":61}},"type":"binary-expr","locations":[{"start":{"line":183,"column":15},"end":{"line":183,"column":57}},{"start":{"line":183,"column":57},"end":{"line":183,"column":61}}],"line":183},"1":{"loc":{"start":{"line":196,"column":15},"end":{"line":196,"column":58}},"type":"binary-expr","locations":[{"start":{"line":196,"column":15},"end":{"line":196,"column":54}},{"start":{"line":196,"column":54},"end":{"line":196,"column":58}}],"line":196},"2":{"loc":{"start":{"line":387,"column":5},"end":{"line":393,"column":null}},"type":"if","locations":[{"start":{"line":387,"column":5},"end":{"line":393,"column":null}},{"start":{},"end":{}}],"line":387},"3":{"loc":{"start":{"line":395,"column":5},"end":{"line":404,"column":null}},"type":"if","locations":[{"start":{"line":395,"column":5},"end":{"line":404,"column":null}},{"start":{},"end":{}}],"line":395},"4":{"loc":{"start":{"line":396,"column":6},"end":{"line":397,"column":null}},"type":"binary-expr","locations":[{"start":{"line":396,"column":6},"end":{"line":396,"column":null}},{"start":{"line":397,"column":6},"end":{"line":397,"column":null}}],"line":396},"5":{"loc":{"start":{"line":412,"column":5},"end":{"line":412,"column":null}},"type":"if","locations":[{"start":{"line":412,"column":5},"end":{"line":412,"column":null}},{"start":{},"end":{}}],"line":412},"6":{"loc":{"start":{"line":422,"column":2},"end":{"line":424,"column":null}},"type":"if","locations":[{"start":{"line":422,"column":2},"end":{"line":424,"column":null}},{"start":{},"end":{}}],"line":422},"7":{"loc":{"start":{"line":426,"column":2},"end":{"line":428,"column":null}},"type":"if","locations":[{"start":{"line":426,"column":2},"end":{"line":428,"column":null}},{"start":{},"end":{}}],"line":426},"8":{"loc":{"start":{"line":430,"column":2},"end":{"line":432,"column":null}},"type":"if","locations":[{"start":{"line":430,"column":2},"end":{"line":432,"column":null}},{"start":{},"end":{}}],"line":430},"9":{"loc":{"start":{"line":438,"column":2},"end":{"line":445,"column":null}},"type":"if","locations":[{"start":{"line":438,"column":2},"end":{"line":445,"column":null}},{"start":{},"end":{}}],"line":438},"10":{"loc":{"start":{"line":463,"column":3},"end":{"line":467,"column":null}},"type":"if","locations":[{"start":{"line":463,"column":3},"end":{"line":467,"column":null}},{"start":{},"end":{}}],"line":463}},"s":{"0":1,"1":1,"2":0,"3":0,"4":0,"5":0,"6":0,"7":0,"8":0,"9":0,"10":0,"11":0,"12":0,"13":0,"14":0,"15":0,"16":0,"17":0,"18":0,"19":0,"20":0,"21":0,"22":0,"23":0,"24":0,"25":0,"26":0,"27":0,"28":0,"29":0,"30":0,"31":0,"32":0,"33":0,"34":0,"35":0,"36":0,"37":0,"38":0,"39":0,"40":0,"41":0,"42":0,"43":0,"44":0,"45":0,"46":0,"47":0,"48":0,"49":0,"50":0,"51":0,"52":0,"53":0,"54":0,"55":0,"56":0,"57":0,"58":0,"59":0,"60":0,"61":0,"62":0,"63":0,"64":0,"65":0,"66":0,"67":0,"68":0,"69":0,"70":0,"71":0,"72":0,"73":0,"74":0,"75":0,"76":0,"77":0,"78":0,"79":0,"80":0,"81":0,"82":0,"83":0,"84":0,"85":0,"86":0,"87":0,"88":0,"89":0,"90":0,"91":0,"92":0,"93":0,"94":0,"95":0,"96":0,"97":0,"98":0,"99":0,"100":0,"101":0,"102":0,"103":0,"104":0,"105":0,"106":0,"107":0,"108":0,"109":0,"110":0,"111":0,"112":0,"113":0,"114":0,"115":0,"116":0,"117":0,"118":0,"119":0,"120":0},"f":{"0":0,"1":0,"2":0,"3":0,"4":0,"5":0,"6":0,"7":0,"8":0,"9":0,"10":0,"11":0,"12":0,"13":0,"14":0,"15":0,"16":0,"17":0,"18":0,"19":0,"20":0,"21":0,"22":0,"23":0,"24":0,"25":0,"26":0,"27":0,"28":0,"29":0,"30":0,"31":0,"32":0,"33":0,"34":0,"35":0,"36":0,"37":0,"38":0,"39":0},"b":{"0":[0,0],"1":[0,0],"2":[0,0],"3":[0,0],"4":[0,0],"5":[0,0],"6":[0,0],"7":[0,0],"8":[0,0],"9":[0,0],"10":[0,0]},"meta":{"lastBranch":11,"lastFunction":40,"lastStatement":121,"seen":{"s:14:60:120:Infinity":0,"s:126:53:137:Infinity":1,"f:143:1:143:13":0,"s:144:2:144:Infinity":2,"s:145:2:145:Infinity":3,"f:148:1:148:17":1,"s:149:26:149:Infinity":4,"s:150:2:150:Infinity":5,"s:152:2:152:Infinity":6,"s:154:2:177:Infinity":7,"f:157:4:157:17":2,"s:158:4:161:Infinity":8,"s:162:4:165:Infinity":9,"s:166:4:169:Infinity":10,"s:170:4:176:Infinity":11,"f:172:15:172:22":3,"s:173:6:174:Infinity":12,"s:175:6:175:Infinity":13,"s:178:2:190:Infinity":14,"f:181:4:181:15":4,"s:182:4:189:Infinity":15,"b:183:15:183:57:183:57:183:61":0,"f:184:15:184:22":5,"s:185:6:185:Infinity":16,"s:186:6:186:Infinity":17,"s:187:6:187:Infinity":18,"s:188:6:188:Infinity":19,"s:191:2:203:Infinity":20,"f:194:4:194:15":6,"s:195:4:202:Infinity":21,"b:196:15:196:54:196:54:196:58":1,"f:197:15:197:22":7,"s:198:6:198:Infinity":22,"s:199:6:199:Infinity":23,"s:200:6:200:Infinity":24,"s:201:6:201:Infinity":25,"s:204:2:204:Infinity":26,"s:205:2:223:Infinity":27,"f:208:4:208:17":8,"s:209:4:214:Infinity":28,"f:209:32:209:41":9,"s:210:5:213:Infinity":29,"s:215:4:222:Infinity":30,"f:217:15:217:22":10,"s:218:6:218:Infinity":31,"s:219:6:219:Infinity":32,"s:220:6:220:Infinity":33,"s:221:6:221:Infinity":34,"s:224:2:240:Infinity":35,"f:227:4:227:20":11,"s:228:4:231:Infinity":36,"f:233:4:233:20":12,"s:234:4:239:Infinity":37,"f:236:15:236:22":13,"s:237:6:237:Infinity":38,"s:238:6:238:Infinity":39,"s:241:2:259:Infinity":40,"f:244:4:244:20":14,"s:245:4:250:Infinity":41,"f:252:4:252:20":15,"s:253:4:258:Infinity":42,"f:255:15:255:22":16,"s:256:6:256:Infinity":43,"s:257:6:257:Infinity":44,"s:260:2:278:Infinity":45,"f:263:4:263:20":17,"s:264:4:269:Infinity":46,"f:271:4:271:20":18,"s:272:4:277:Infinity":47,"f:274:15:274:22":19,"s:275:6:275:Infinity":48,"s:276:6:276:Infinity":49,"s:279:2:295:Infinity":50,"f:282:4:282:20":20,"s:283:4:286:Infinity":51,"f:288:4:288:20":21,"s:289:4:294:Infinity":52,"f:291:15:291:22":22,"s:292:6:292:Infinity":53,"s:293:6:293:Infinity":54,"s:296:2:298:Infinity":55,"s:299:2:330:Infinity":56,"f:304:4:304:20":23,"s:305:4:313:Infinity":57,"f:308:14:308:26":24,"s:309:6:310:Infinity":58,"s:311:6:311:Infinity":59,"s:312:6:312:Infinity":60,"f:315:4:315:15":25,"s:316:4:329:Infinity":61,"f:323:15:323:22":26,"s:324:6:324:Infinity":62,"s:325:6:325:Infinity":63,"s:326:6:326:Infinity":64,"s:327:6:327:Infinity":65,"s:331:2:365:Infinity":66,"f:336:4:336:20":27,"s:337:4:345:Infinity":67,"f:340:14:340:26":28,"s:341:6:342:Infinity":68,"s:343:6:343:Infinity":69,"s:344:6:344:Infinity":70,"f:347:4:347:15":29,"s:348:4:364:Infinity":71,"f:358:15:358:22":30,"s:359:6:359:Infinity":72,"s:360:6:360:Infinity":73,"s:361:6:361:Infinity":74,"s:362:6:362:Infinity":75,"s:366:2:416:Infinity":76,"f:369:4:369:20":31,"s:370:4:378:Infinity":77,"f:373:14:373:26":32,"s:374:6:375:Infinity":78,"s:376:6:376:Infinity":79,"s:377:6:377:Infinity":80,"f:380:4:380:13":33,"s:381:26:383:Infinity":81,"s:385:28:408:Infinity":82,"f:385:28:385:40":34,"s:386:19:386:Infinity":83,"b:387:5:393:Infinity:undefined:undefined:undefined:undefined":2,"s:387:5:393:Infinity":84,"s:388:6:389:Infinity":85,"s:390:6:390:Infinity":86,"s:391:6:391:Infinity":87,"s:392:6:392:Infinity":88,"s:394:22:394:Infinity":89,"b:395:5:404:Infinity:undefined:undefined:undefined:undefined":3,"s:395:5:404:Infinity":90,"b:396:6:396:Infinity:397:6:397:Infinity":4,"s:399:6:401:Infinity":91,"s:402:6:402:Infinity":92,"s:403:6:403:Infinity":93,"s:405:5:405:Infinity":94,"s:406:5:406:Infinity":95,"s:407:5:407:Infinity":96,"s:410:4:410:Infinity":97,"s:411:4:413:Infinity":98,"f:411:43:411:55":35,"b:412:5:412:Infinity:undefined:undefined:undefined:undefined":5,"s:412:5:412:Infinity":99,"s:412:28:412:Infinity":100,"s:415:4:415:Infinity":101,"f:419:1:419:9":36,"s:420:23:420:Infinity":102,"b:422:2:424:Infinity:undefined:undefined:undefined:undefined":6,"s:422:2:424:Infinity":103,"s:423:3:423:Infinity":104,"b:426:2:428:Infinity:undefined:undefined:undefined:undefined":7,"s:426:2:428:Infinity":105,"s:427:3:427:Infinity":106,"b:430:2:432:Infinity:undefined:undefined:undefined:undefined":8,"s:430:2:432:Infinity":107,"s:431:3:431:Infinity":108,"f:435:1:435:9":37,"s:437:3:437:Infinity":109,"b:438:2:445:Infinity:undefined:undefined:undefined:undefined":9,"s:438:2:445:Infinity":110,"s:439:3:439:Infinity":111,"s:440:3:441:Infinity":112,"s:442:3:443:Infinity":113,"s:444:3:444:Infinity":114,"f:448:1:448:9":38,"s:457:2:468:Infinity":115,"f:457:9:457:21":39,"s:459:4:461:Infinity":116,"b:463:3:467:Infinity:undefined:undefined:undefined:undefined":10,"s:463:3:467:Infinity":117,"s:464:4:464:Infinity":118,"s:465:4:465:Infinity":119,"s:466:4:466:Infinity":120}}}
,"E:\\Repos\\AJP_UnityToolset\\musical-text\\src\\types.ts": {"path":"E:\\Repos\\AJP_UnityToolset\\musical-text\\src\\types.ts","statementMap":{"0":{"start":{"line":8,"column":7},"end":{"line":12,"column":null}},"1":{"start":{"line":9,"column":1},"end":{"line":9,"column":null}},"2":{"start":{"line":10,"column":1},"end":{"line":10,"column":null}},"3":{"start":{"line":11,"column":1},"end":{"line":11,"column":null}}},"fnMap":{"0":{"name":"(anonymous_0)","decl":{"start":{"line":8,"column":7},"end":{"line":8,"column":12}},"loc":{"start":{"line":8,"column":7},"end":{"line":12,"column":null}},"line":8}},"branchMap":{},"s":{"0":1,"1":1,"2":1,"3":1},"f":{"0":1},"b":{},"meta":{"lastBranch":0,"lastFunction":1,"lastStatement":4,"seen":{"s:8:7:12:Infinity":0,"f:8:7:8:12":0,"s:9:1:9:Infinity":1,"s:10:1:10:Infinity":2,"s:11:1:11:Infinity":3}}}
}
